<?xml version="1.0" encoding="UTF-8"?>
<!-- Generated by org.testng.reporters.JUnitReportReporter -->
<testsuite skipped="0" hostname="LAPTOP-LJILQEDE" name="com.selenium.App" tests="1" failures="0" timestamp="10 Nov 2019 11:21:07 GMT" time="0.020" errors="0">
  <testcase name="Mytest" time="0.020" classname="com.selenium.App"/>
</testsuite> <!-- com.selenium.App -->
