<?xml version="1.0" encoding="UTF-8"?>
<!-- Generated by org.testng.reporters.JUnitReportReporter -->
<testsuite skipped="0" hostname="LAPTOP-LJILQEDE" name="com.selenium.MainTest" tests="1" failures="0" timestamp="10 Nov 2019 15:41:39 GMT" time="37.254" errors="0">
  <testcase name="TestRun" time="37.254" classname="com.selenium.MainTest"/>
</testsuite> <!-- com.selenium.MainTest -->
