<?xml version="1.0" encoding="UTF-8"?>
<!-- Generated by org.testng.reporters.JUnitReportReporter -->
<testsuite skipped="0" hostname="LAPTOP-LJILQEDE" name="com.selenium.MainTest" tests="1" failures="0" timestamp="13 Nov 2019 14:57:42 GMT" time="86.441" errors="0">
  <testcase name="TestRun" time="86.441" classname="com.selenium.MainTest"/>
</testsuite> <!-- com.selenium.MainTest -->
